{
  "stats": {
    "suites": 2,
    "tests": 9,
    "passes": 9,
    "pending": 0,
    "failures": 0,
    "start": "2023-07-05T15:15:24.076Z",
    "end": "2023-07-05T15:15:24.109Z",
    "duration": 33,
    "testsRegistered": 9,
    "passPercent": 100,
    "pendingPercent": 0,
    "other": 0,
    "hasOther": false,
    "skipped": 0,
    "hasSkipped": false
  },
  "results": [
    {
      "uuid": "0a7a18a7-c1cd-499f-bf69-812b2a1db4f4",
      "title": "",
      "fullFile": "",
      "file": "",
      "beforeHooks": [],
      "afterHooks": [],
      "tests": [],
      "suites": [
        {
          "uuid": "d4947aa3-ed07-4734-9394-6bf600f340c4",
          "title": "calculatorAdd",
          "fullFile": "F:\\Automated-Testing-Foundations-with-JS\\mocha-unit-testing\\test\\specs\\calculatorAdd.spec.js",
          "file": "\\test\\specs\\calculatorAdd.spec.js",
          "beforeHooks": [
            {
              "title": "\"before each\" hook in \"calculatorAdd\"",
              "fullTitle": "calculatorAdd \"before each\" hook in \"calculatorAdd\"",
              "timedOut": false,
              "duration": 1,
              "state": null,
              "speed": null,
              "pass": false,
              "fail": false,
              "pending": false,
              "context": null,
              "code": "calculator = new Calculator();\nspy = chai.spy.on(calculator, 'calculatorAdd');",
              "err": {},
              "uuid": "8672c6c3-7e44-4e7d-8e44-de3bc4f15813",
              "parentUUID": "d4947aa3-ed07-4734-9394-6bf600f340c4",
              "isHook": true,
              "skipped": false
            }
          ],
          "afterHooks": [
            {
              "title": "\"after each\" hook in \"calculatorAdd\"",
              "fullTitle": "calculatorAdd \"after each\" hook in \"calculatorAdd\"",
              "timedOut": false,
              "duration": 0,
              "state": null,
              "speed": null,
              "pass": false,
              "fail": false,
              "pending": false,
              "context": null,
              "code": "calculator = null;",
              "err": {},
              "uuid": "7aa4e24d-1d4f-40d5-ab44-b92db63a215e",
              "parentUUID": "d4947aa3-ed07-4734-9394-6bf600f340c4",
              "isHook": true,
              "skipped": false
            }
          ],
          "tests": [
            {
              "title": "should return 6 when called with numbers 2 and 4",
              "fullTitle": "calculatorAdd should return 6 when called with numbers 2 and 4",
              "timedOut": false,
              "duration": 1,
              "state": "passed",
              "speed": "fast",
              "pass": true,
              "fail": false,
              "pending": false,
              "context": null,
              "code": "expect(calculator.add(2, 4)).to.be.equal(6);",
              "err": {},
              "uuid": "bce53a19-8091-410c-9511-ca42b5ccc8ef",
              "parentUUID": "d4947aa3-ed07-4734-9394-6bf600f340c4",
              "isHook": false,
              "skipped": false
            },
            {
              "title": "should return 4 when called with numbers 0, 4, 0",
              "fullTitle": "calculatorAdd should return 4 when called with numbers 0, 4, 0",
              "timedOut": false,
              "duration": 1,
              "state": "passed",
              "speed": "fast",
              "pass": true,
              "fail": false,
              "pending": false,
              "context": null,
              "code": "expect(calculator.add(0, 4, 0)).to.be.equal(4);",
              "err": {},
              "uuid": "0ce5e020-a17e-4060-81c8-89394a056b72",
              "parentUUID": "d4947aa3-ed07-4734-9394-6bf600f340c4",
              "isHook": false,
              "skipped": false
            },
            {
              "title": "should return 110 when called with numbers -30, 57, 83",
              "fullTitle": "calculatorAdd should return 110 when called with numbers -30, 57, 83",
              "timedOut": false,
              "duration": 0,
              "state": "passed",
              "speed": "fast",
              "pass": true,
              "fail": false,
              "pending": false,
              "context": null,
              "code": "expect(calculator.add(-30, 57, 83)).to.be.equal(110);",
              "err": {},
              "uuid": "9160c8c3-e085-41eb-8e09-e21eec315ebd",
              "parentUUID": "d4947aa3-ed07-4734-9394-6bf600f340c4",
              "isHook": false,
              "skipped": false
            },
            {
              "title": "should return 587 when called with number 587",
              "fullTitle": "calculatorAdd should return 587 when called with number 587",
              "timedOut": false,
              "duration": 0,
              "state": "passed",
              "speed": "fast",
              "pass": true,
              "fail": false,
              "pending": false,
              "context": null,
              "code": "expect(calculator.add(587)).to.be.equal(587);",
              "err": {},
              "uuid": "2b0c0857-bc72-45e1-977a-dadb344a3a6c",
              "parentUUID": "d4947aa3-ed07-4734-9394-6bf600f340c4",
              "isHook": false,
              "skipped": false
            }
          ],
          "suites": [],
          "passes": [
            "bce53a19-8091-410c-9511-ca42b5ccc8ef",
            "0ce5e020-a17e-4060-81c8-89394a056b72",
            "9160c8c3-e085-41eb-8e09-e21eec315ebd",
            "2b0c0857-bc72-45e1-977a-dadb344a3a6c"
          ],
          "failures": [],
          "pending": [],
          "skipped": [],
          "duration": 2,
          "root": false,
          "rootEmpty": false,
          "_timeout": 5000
        },
        {
          "uuid": "a4ebde30-8757-4189-a2e1-5bd457967759",
          "title": "calculatorMultiply",
          "fullFile": "F:\\Automated-Testing-Foundations-with-JS\\mocha-unit-testing\\test\\specs\\calculatorMultiply.spec.js",
          "file": "\\test\\specs\\calculatorMultiply.spec.js",
          "beforeHooks": [
            {
              "title": "\"before each\" hook in \"calculatorMultiply\"",
              "fullTitle": "calculatorMultiply \"before each\" hook in \"calculatorMultiply\"",
              "timedOut": false,
              "duration": 0,
              "state": null,
              "speed": null,
              "pass": false,
              "fail": false,
              "pending": false,
              "context": null,
              "code": "calculator = new Calculator();\nspy = chai.spy.on(calculator, 'calculatorMultiply');",
              "err": {},
              "uuid": "8ad62a7a-df4d-4173-a6be-03c511c41f5e",
              "parentUUID": "a4ebde30-8757-4189-a2e1-5bd457967759",
              "isHook": true,
              "skipped": false
            }
          ],
          "afterHooks": [
            {
              "title": "\"after each\" hook in \"calculatorMultiply\"",
              "fullTitle": "calculatorMultiply \"after each\" hook in \"calculatorMultiply\"",
              "timedOut": false,
              "duration": 0,
              "state": null,
              "speed": null,
              "pass": false,
              "fail": false,
              "pending": false,
              "context": null,
              "code": "calculator = null;",
              "err": {},
              "uuid": "3c929d75-430d-4cec-a59d-bafe06036bf0",
              "parentUUID": "a4ebde30-8757-4189-a2e1-5bd457967759",
              "isHook": true,
              "skipped": false
            }
          ],
          "tests": [
            {
              "title": "should return 6 when called wwith number 2 and 3",
              "fullTitle": "calculatorMultiply should return 6 when called wwith number 2 and 3",
              "timedOut": false,
              "duration": 0,
              "state": "passed",
              "speed": "fast",
              "pass": true,
              "fail": false,
              "pending": false,
              "context": null,
              "code": "expect(calculator.multiply(2, 3)).to.be.equal(6);",
              "err": {},
              "uuid": "bdd1ca13-ffcd-46f6-9f9e-8bd03966418c",
              "parentUUID": "a4ebde30-8757-4189-a2e1-5bd457967759",
              "isHook": false,
              "skipped": false
            },
            {
              "title": "should return -40 when called with numbers -2, 4, 5",
              "fullTitle": "calculatorMultiply should return -40 when called with numbers -2, 4, 5",
              "timedOut": false,
              "duration": 0,
              "state": "passed",
              "speed": "fast",
              "pass": true,
              "fail": false,
              "pending": false,
              "context": null,
              "code": "expect(calculator.multiply(-2, 4, 5)).to.be.equal(-40);",
              "err": {},
              "uuid": "f53743fd-8164-4062-b067-31d3e1dc4ea7",
              "parentUUID": "a4ebde30-8757-4189-a2e1-5bd457967759",
              "isHook": false,
              "skipped": false
            },
            {
              "title": "should return 0 when called with numbers is 0 and 3",
              "fullTitle": "calculatorMultiply should return 0 when called with numbers is 0 and 3",
              "timedOut": false,
              "duration": 1,
              "state": "passed",
              "speed": "fast",
              "pass": true,
              "fail": false,
              "pending": false,
              "context": null,
              "code": "expect(calculator.multiply(0, 3)).to.be.equal(0);",
              "err": {},
              "uuid": "d3ee12ea-55d5-4e1f-b6e9-16cf47b492c4",
              "parentUUID": "a4ebde30-8757-4189-a2e1-5bd457967759",
              "isHook": false,
              "skipped": false
            },
            {
              "title": "should return 42 when called with number 42",
              "fullTitle": "calculatorMultiply should return 42 when called with number 42",
              "timedOut": false,
              "duration": 0,
              "state": "passed",
              "speed": "fast",
              "pass": true,
              "fail": false,
              "pending": false,
              "context": null,
              "code": "expect(calculator.multiply(42)).to.be.equal(42);",
              "err": {},
              "uuid": "2cd68e5f-6f88-4525-a24a-b899b0ea99b0",
              "parentUUID": "a4ebde30-8757-4189-a2e1-5bd457967759",
              "isHook": false,
              "skipped": false
            },
            {
              "title": "should return 0 when called with numbers 42 and 0",
              "fullTitle": "calculatorMultiply should return 0 when called with numbers 42 and 0",
              "timedOut": false,
              "duration": 1,
              "state": "passed",
              "speed": "fast",
              "pass": true,
              "fail": false,
              "pending": false,
              "context": null,
              "code": "expect(calculator.multiply(42, 0)).to.be.equal(0);",
              "err": {},
              "uuid": "88de21d3-24a0-4a1d-8486-c860e25235c7",
              "parentUUID": "a4ebde30-8757-4189-a2e1-5bd457967759",
              "isHook": false,
              "skipped": false
            }
          ],
          "suites": [],
          "passes": [
            "bdd1ca13-ffcd-46f6-9f9e-8bd03966418c",
            "f53743fd-8164-4062-b067-31d3e1dc4ea7",
            "d3ee12ea-55d5-4e1f-b6e9-16cf47b492c4",
            "2cd68e5f-6f88-4525-a24a-b899b0ea99b0",
            "88de21d3-24a0-4a1d-8486-c860e25235c7"
          ],
          "failures": [],
          "pending": [],
          "skipped": [],
          "duration": 2,
          "root": false,
          "rootEmpty": false,
          "_timeout": 5000
        }
      ],
      "passes": [],
      "failures": [],
      "pending": [],
      "skipped": [],
      "duration": 0,
      "root": true,
      "rootEmpty": true,
      "_timeout": 5000
    }
  ],
  "meta": {
    "mocha": {
      "version": "9.2.1"
    },
    "mochawesome": {
      "options": {
        "quiet": false,
        "reportFilename": "mochawesome",
        "saveHtml": true,
        "saveJson": true,
        "consoleReporter": "spec",
        "useInlineDiffs": false,
        "code": true
      },
      "version": "7.1.2"
    },
    "marge": {
      "options": null,
      "version": "6.1.1"
    }
  }
}